мая 25, 2023 12:27:07 AM ru.java.study.lesson6.hw.SearchApp logDebug
FINE: Application start
мая 25, 2023 12:27:09 AM ru.java.study.lesson6.hw.SearchApp logInfo
INFO: Loading csv file 'data/lesson6/hw/laptops_some_data.csv'
мая 25, 2023 12:27:09 AM ru.java.study.lesson6.hw.SearchApp logInfo
INFO: Из файла 'data/lesson6/hw/laptops_some_data.csv' получено 50 записей.
мая 25, 2023 12:27:09 AM ru.java.study.lesson6.hw.SearchApp logDebug
FINE: Show main menu
мая 25, 2023 12:27:10 AM ru.java.study.lesson6.hw.SearchApp logDebug
FINE: User action '1'
мая 25, 2023 12:27:10 AM ru.java.study.lesson6.hw.SearchApp logDebug
FINE: Show filters menu
мая 25, 2023 12:27:12 AM ru.java.study.lesson6.hw.SearchApp logDebug
FINE: User action '3'
мая 25, 2023 12:27:12 AM ru.java.study.lesson6.hw.SearchApp logDebug
FINE: Updating Screen size filter
мая 25, 2023 12:27:19 AM ru.java.study.lesson6.hw.SearchApp logDebug
FINE: User action '0'
мая 25, 2023 12:27:19 AM ru.java.study.lesson6.hw.SearchApp logDebug
FINE: Exit filters menu
мая 25, 2023 12:27:19 AM ru.java.study.lesson6.hw.SearchApp logDebug
FINE: Show main menu
мая 25, 2023 12:27:20 AM ru.java.study.lesson6.hw.SearchApp logDebug
FINE: User action '2'
мая 25, 2023 12:27:20 AM ru.java.study.lesson6.hw.SearchApp logDebug
FINE: Show main menu
мая 25, 2023 12:27:22 AM ru.java.study.lesson6.hw.SearchApp logDebug
FINE: User action '1'
мая 25, 2023 12:27:22 AM ru.java.study.lesson6.hw.SearchApp logDebug
FINE: Show filters menu
мая 25, 2023 12:27:23 AM ru.java.study.lesson6.hw.SearchApp logDebug
FINE: User action '1'
мая 25, 2023 12:27:23 AM ru.java.study.lesson6.hw.SearchApp logDebug
FINE: Updating Manufacturer filter
мая 25, 2023 12:27:28 AM ru.java.study.lesson6.hw.SearchApp logDebug
FINE: User action '0'
мая 25, 2023 12:27:28 AM ru.java.study.lesson6.hw.SearchApp logDebug
FINE: Exit filters menu
мая 25, 2023 12:27:28 AM ru.java.study.lesson6.hw.SearchApp logDebug
FINE: Show main menu
мая 25, 2023 12:27:29 AM ru.java.study.lesson6.hw.SearchApp logDebug
FINE: User action '2'
мая 25, 2023 12:27:29 AM ru.java.study.lesson6.hw.SearchApp logDebug
FINE: Show main menu
мая 25, 2023 12:27:34 AM ru.java.study.lesson6.hw.SearchApp logDebug
FINE: User action '3'
мая 25, 2023 12:27:34 AM ru.java.study.lesson6.hw.SearchApp logDebug
FINE: Application end
